<?xml version="1.0" encoding="UTF-8"?>
<testng-results skipped="0" failed="0" total="1" passed="1">
  <reporter-output>
  </reporter-output>
  <suite name="Default suite" duration-ms="3521" started-at="2020-03-14T09:27:59Z" finished-at="2020-03-14T09:28:02Z">
    <groups>
    </groups>
    <test name="Default test" duration-ms="3521" started-at="2020-03-14T09:27:59Z" finished-at="2020-03-14T09:28:02Z">
      <class name="restAPITest.getAPI">
        <test-method status="PASS" signature="setup()[pri:0, instance:restAPITest.getAPI@1810399e]" name="setup" is-config="true" duration-ms="8" started-at="2020-03-14T14:57:59Z" finished-at="2020-03-14T14:57:59Z">
          <reporter-output>
          </reporter-output>
        </test-method> <!-- setup -->
        <test-method status="PASS" signature="getTest()[pri:0, instance:restAPITest.getAPI@1810399e]" name="getTest" duration-ms="3496" started-at="2020-03-14T14:57:59Z" finished-at="2020-03-14T14:58:02Z">
          <reporter-output>
          </reporter-output>
        </test-method> <!-- getTest -->
      </class> <!-- restAPITest.getAPI -->
    </test> <!-- Default test -->
  </suite> <!-- Default suite -->
</testng-results>
